<?xml version="1.0" encoding="UTF-8"?>
<!-- Generated by org.testng.reporters.JUnitXMLReporter -->
<testsuite hostname="acmilan-PC" name="Login" tests="3" failures="0" timestamp="25 Dec 2015 07:04:41 GMT" time="5.729" errors="0">
  <testcase name="@BeforeClass beforeClass" time="0.0" classname="com.testcase.login">
    <failure type="org.ho.yaml.exception.YamlException" message="Error near line 0: End of document expected.">
      <![CDATA[org.ho.yaml.exception.YamlException: Error near line 0: End of document expected.
	at org.ho.yaml.JYamlParserEvent.error(Unknown Source)
	at org.ho.yaml.YamlDecoder.firstDocument(Unknown Source)
	at org.ho.yaml.YamlDecoder.readObjectOfType(Unknown Source)
	at org.ho.yaml.YamlConfig.loadType(Unknown Source)
	at org.ho.yaml.YamlConfig.loadType(Unknown Source)
	at org.ho.yaml.Yaml.loadType(Unknown Source)
	at com.test.YamlReader.getYamlFile(YamlReader.java:38)
	at com.test.YamlReader.<init>(YamlReader.java:28)
	at com.testcase.login.beforeClass(login.java:114)
... Removed 24 stack frames]]>
    </failure>
  </testcase> <!-- @BeforeClass beforeClass -->
  <testcase name="@AfterClass afterClass" time="0.0" classname="com.testcase.login">
    <skipped/>
  </testcase> <!-- @AfterClass afterClass -->
  <testcase name="selectLogin" time="0.001" classname="com.testcase.login">
    <skipped/>
  </testcase> <!-- selectLogin -->
  <testcase name="login" time="0.001" classname="com.testcase.login">
    <skipped/>
  </testcase> <!-- login -->
  <testcase name="logout" time="0.0" classname="com.testcase.login">
    <skipped/>
  </testcase> <!-- logout -->
</testsuite> <!-- Login -->
